<?xml version="1.0" encoding="UTF-8"?>
<!-- Generated by org.testng.reporters.JUnitXMLReporter -->
<testsuite hostname="Neha-PC" ignored="0" name="Test" tests="5" failures="1" timestamp="14 Aug 2018 05:37:09 GMT" time="45.351" errors="0">
  <testcase name="openbrowser" time="22.781" classname="mercurryTools.mavenmercurytools.mercurytools1"/>
  <testcase name="EnterApplication" time="5.254" classname="mercurryTools.mavenmercurytools.mercurytools1"/>
  <testcase name="maximizebrowser" time="1.231" classname="mercurryTools.mavenmercurytools.mercurytools1"/>
  <testcase name="login" time="15.361" classname="mercurryTools.mavenmercurytools.mercurytools1"/>
  <testcase name="invalidLogin" time="0.62" classname="mercurryTools.mavenmercurytools.mercurytools1">
    <failure type="java.lang.NullPointerException">
      <![CDATA[java.lang.NullPointerException
at mercurryTools.mavenmercurytools.mercurytools1.invalidLogin(mercurytools1.java:93)
... Removed 25 stack frames]]>
    </failure>
  </testcase> <!-- invalidLogin -->
</testsuite> <!-- Test -->
