<?xml version="1.0" encoding="UTF-8"?>
<!-- Generated by org.testng.reporters.JUnitXMLReporter -->
<testsuite hostname="Neha-PC" ignored="0" name="Default test" tests="2" failures="0" timestamp="13 Aug 2018 06:35:11 GMT" time="12.759" errors="0">
  <testcase name="openbrowser" time="12.625" classname="mercurryTools.mavenmercurytools.mercurytools1"/>
  <testcase name="EnterApplication" time="0.007" classname="mercurryTools.mavenmercurytools.mercurytools1"/>
</testsuite> <!-- Default test -->
